<?xml version="1.0" encoding="UTF-8"?>
<!-- Generated by org.testng.reporters.JUnitReportReporter -->
<testsuite skipped="0" hostname="ArunArvind" name="com.testng_Basics.Timeout" tests="1" failures="0" timestamp="2021-11-22T10:21:29 IST" time="6.045" errors="0">
  <testcase name="login" time="6.045" classname="com.testng_Basics.Timeout"/>
  <system-out/>
</testsuite> <!-- com.testng_Basics.Timeout -->
