<?xml version="1.0" encoding="UTF-8"?>
<!-- Generated by org.testng.reporters.JUnitReportReporter -->
<testsuite skipped="0" hostname="ArunArvind" name="com.annotation.Demo_Class" tests="2" failures="0" timestamp="2021-11-26T10:09:06 IST" time="0.009" errors="0">
  <testcase name="username" time="0.001" classname="com.annotation.Demo_Class"/>
  <system-out/>
  <testcase name="pass" time="0.008" classname="com.annotation.Demo_Class"/>
  <system-out/>
</testsuite> <!-- com.annotation.Demo_Class -->
