<?xml version="1.0" encoding="UTF-8"?>
<!-- Generated by org.testng.reporters.JUnitReportReporter -->
<testsuite skipped="0" hostname="ArunArvind" name="com.testng_Basics.ExpectedExceptions" tests="1" failures="0" timestamp="2021-11-22T10:40:07 IST" time="0.008" errors="0">
  <testcase name="Demo" time="0.008" classname="com.testng_Basics.ExpectedExceptions"/>
  <system-out/>
</testsuite> <!-- com.testng_Basics.ExpectedExceptions -->
