<?xml version="1.0" encoding="UTF-8"?>
<!-- Generated by org.testng.reporters.JUnitReportReporter -->
<testsuite skipped="0" hostname="ArunArvind" name="com.testng_Basics.Parameterized" tests="1" failures="0" timestamp="2021-11-24T09:46:06 IST" time="0.008" errors="0">
  <testcase name="credentials" time="0.008" classname="com.testng_Basics.Parameterized"/>
  <system-out/>
</testsuite> <!-- com.testng_Basics.Parameterized -->
