<?xml version="1.0" encoding="UTF-8"?>
<!-- Generated by org.testng.reporters.JUnitReportReporter -->
<testsuite name="com.testng.Simple_Annotations" tests="3" time="0.018" ignored="0" failures="0" timestamp="19 Nov 2021 05:21:37 GMT" skipped="0" hostname="ArunArvind" errors="0">
  <testcase name="mens" time="0.004" classname="com.testng.Simple_Annotations"/>
  <testcase name="dress" time="0.011" classname="com.testng.Simple_Annotations"/>
  <testcase name="Women" time="0.003" classname="com.testng.Simple_Annotations"/>
</testsuite> <!-- com.testng.Simple_Annotations -->
