<?xml version="1.0" encoding="UTF-8"?>
<!-- Generated by org.testng.reporters.JUnitReportReporter -->
<testsuite skipped="0" hostname="ArunArvind" name="com.testng_Basics.priority_Test" tests="4" failures="0" timestamp="2021-11-22T10:01:54 IST" time="0.014" errors="0">
  <testcase name="setProperty" time="0.010" classname="com.testng_Basics.priority_Test"/>
  <system-out/>
  <testcase name="Browser" time="0.002" classname="com.testng_Basics.priority_Test"/>
  <system-out/>
  <testcase name="URL" time="0.001" classname="com.testng_Basics.priority_Test"/>
  <system-out/>
  <testcase name="Maximize" time="0.001" classname="com.testng_Basics.priority_Test"/>
  <system-out/>
</testsuite> <!-- com.testng_Basics.priority_Test -->
