<?xml version="1.0" encoding="UTF-8"?>
<!-- Generated by org.testng.reporters.JUnitReportReporter -->
<testsuite skipped="0" hostname="ArunArvind" name="com.testng.Runner_Class" tests="6" failures="0" timestamp="2021-11-23T17:52:09 IST" time="10.271" errors="0">
  <testcase name="Login" time="2.115" classname="com.testng.Runner_Class"/>
  <system-out/>
  <testcase name="Booking" time="2.950" classname="com.testng.Runner_Class"/>
  <system-out/>
  <testcase name="PersonalInfo" time="0.289" classname="com.testng.Runner_Class"/>
  <system-out/>
  <testcase name="Payment" time="0.880" classname="com.testng.Runner_Class"/>
  <system-out/>
  <testcase name="Booking_Confiramtion" time="2.922" classname="com.testng.Runner_Class"/>
  <system-out/>
  <testcase name="Check_Status" time="1.115" classname="com.testng.Runner_Class"/>
  <system-out/>
</testsuite> <!-- com.testng.Runner_Class -->
