<?xml version="1.0" encoding="UTF-8"?>
<!-- Generated by org.testng.reporters.JUnitReportReporter -->
<testsuite skipped="0" hostname="ArunArvind" name="com.testng_Basics.Invocation_Count" tests="5" failures="0" timestamp="2021-11-22T10:04:53 IST" time="0.013" errors="0">
  <testcase name="Browser" time="0.008" classname="com.testng_Basics.Invocation_Count"/>
  <system-out/>
  <testcase name="Refresh" time="0.001" classname="com.testng_Basics.Invocation_Count"/>
  <system-out/>
  <testcase name="Refresh" time="0.001" classname="com.testng_Basics.Invocation_Count"/>
  <system-out/>
  <testcase name="Refresh" time="0.001" classname="com.testng_Basics.Invocation_Count"/>
  <system-out/>
  <testcase name="Click" time="0.002" classname="com.testng_Basics.Invocation_Count"/>
  <system-out/>
</testsuite> <!-- com.testng_Basics.Invocation_Count -->
