<?xml version="1.0" encoding="UTF-8"?>
<!-- Generated by org.testng.reporters.JUnitReportReporter -->
<testsuite name="com.testng.Simple_Annotations_Example" tests="3" time="0.007" ignored="0" failures="0" timestamp="19 Nov 2021 05:41:37 GMT" skipped="0" hostname="ArunArvind" errors="0">
  <testcase name="dress" time="0.001" classname="com.testng.Simple_Annotations_Example"/>
  <testcase name="Women" time="0.004" classname="com.testng.Simple_Annotations_Example"/>
  <testcase name="mens" time="0.002" classname="com.testng.Simple_Annotations_Example"/>
</testsuite> <!-- com.testng.Simple_Annotations_Example -->
